<?xml version="1.0" encoding="UTF-8"?>
<testsuite name="com.day23.UserRegistrationTest" tests="10" skipped="0" failures="0" errors="0" timestamp="2022-03-16T09:39:29" hostname="DESKTOP-617Q1NQ" time="0.283">
  <properties/>
  <testcase name="givenPassword_WhenOurOfFormat_ShouldReturnFalse()" classname="com.day23.UserRegistrationTest" time="0.096"/>
  <testcase name="givenLastName_WhenInFormat_ShouldReturnTrue()" classname="com.day23.UserRegistrationTest" time="0.018"/>
  <testcase name="givenLastName_WhenOurOfFormat_ShouldReturnFalse()" classname="com.day23.UserRegistrationTest" time="0.018"/>
  <testcase name="givenEmail_WhenOurOfFormat_ShouldReturnFalse()" classname="com.day23.UserRegistrationTest" time="0.012"/>
  <testcase name="givenFirstName_WhenInFormat_ShouldReturnTrue()" classname="com.day23.UserRegistrationTest" time="0.005"/>
  <testcase name="givenPassword_WhenInFormat_ShouldReturnTrue()" classname="com.day23.UserRegistrationTest" time="0.004"/>
  <testcase name="givenPhoneNumber_WhenOurOfFormat_ShouldReturnFlase()" classname="com.day23.UserRegistrationTest" time="0.003"/>
  <testcase name="givenFirstName_WhenOurOfFormat_ShouldReturnFlase()" classname="com.day23.UserRegistrationTest" time="0.028"/>
  <testcase name="givenEmail_WhenInFormat_ShouldReturnTrue()" classname="com.day23.UserRegistrationTest" time="0.003"/>
  <testcase name="givenPhoneNumber_WhenInFormat_ShouldReturnTrue()" classname="com.day23.UserRegistrationTest" time="0.005"/>
  <system-out><![CDATA[]]></system-out>
  <system-err><![CDATA[]]></system-err>
</testsuite>
