<?xml version="1.0" encoding="UTF-8"?>
<testsuite name="com.day23.UserRegistrationTest" tests="6" skipped="0" failures="0" errors="0" timestamp="2022-03-16T09:30:26" hostname="DESKTOP-617Q1NQ" time="0.243">
  <properties/>
  <testcase name="givenLastName_WhenInFormat_ShouldReturnTrue()" classname="com.day23.UserRegistrationTest" time="0.162"/>
  <testcase name="givenLastName_WhenOurOfFormat_ShouldReturnFalse()" classname="com.day23.UserRegistrationTest" time="0.017"/>
  <testcase name="givenEmail_WhenOurOfFormat_ShouldReturnFalse()" classname="com.day23.UserRegistrationTest" time="0.011"/>
  <testcase name="givenFirstName_WhenInFormat_ShouldReturnTrue()" classname="com.day23.UserRegistrationTest" time="0.01"/>
  <testcase name="givenFirstName_WhenOurOfFormat_ShouldReturnFlase()" classname="com.day23.UserRegistrationTest" time="0.006"/>
  <testcase name="givenEmail_WhenInFormat_ShouldReturnTrue()" classname="com.day23.UserRegistrationTest" time="0.003"/>
  <system-out><![CDATA[]]></system-out>
  <system-err><![CDATA[]]></system-err>
</testsuite>
